# JRE version: Java(TM) SE Runtime Environment (8.0_101-b13) (build 1.8.0_101-b13)
# Java VM: Java HotSpot(TM) 64-Bit Server VM (25.101-b13 mixed mode bsd-amd64 compressed oops)
Heap:
 PSYoungGen      total 138752K, used 45726K [0x00000007b5580000, 0x00000007c0000000, 0x00000007c0000000)
  eden space 114176K, 18% used [0x00000007b5580000,0x00000007b6a2a9c0,0x00000007bc500000)
  from space 24576K, 99% used [0x00000007be780000,0x00000007bff7cfb8,0x00000007bff80000)
  to   space 30208K, 0% used [0x00000007bc500000,0x00000007bc500000,0x00000007be280000)
 ParOldGen       total 175104K, used 48216K [0x00000007a0000000, 0x00000007aab00000, 0x00000007b5580000)
  object space 175104K, 27% used [0x00000007a0000000,0x00000007a2f16340,0x00000007aab00000)
 Metaspace       used 48796K, capacity 49994K, committed 50088K, reserved 1093632K
  class space    used 6537K, capacity 6793K, committed 6832K, reserved 1048576K
GC Heap History (10 events):
Event: 847.481 GC heap before
{Heap before GC invocations=16 (full 2):
 PSYoungGen      total 134656K, used 134640K [0x00000007b5580000, 0x00000007bfe80000, 0x00000007c0000000)
  eden space 119296K, 100% used [0x00000007b5580000,0x00000007bca00000,0x00000007bca00000)
  from space 15360K, 99% used [0x00000007bca00000,0x00000007bd8fc010,0x00000007bd900000)
  to   space 26624K, 0% used [0x00000007be480000,0x00000007be480000,0x00000007bfe80000)
 ParOldGen       total 175104K, used 36786K [0x00000007a0000000, 0x00000007aab00000, 0x00000007b5580000)
  object space 175104K, 21% used [0x00000007a0000000,0x00000007a23ecb88,0x00000007aab00000)
 Metaspace       used 47499K, capacity 48574K, committed 48680K, reserved 1091584K
  class space    used 6426K, capacity 6687K, committed 6704K, reserved 1048576K
Event: 847.522 GC heap after
Heap after GC invocations=16 (full 2):
 PSYoungGen      total 147456K, used 15570K [0x00000007b5580000, 0x00000007c0000000, 0x00000007c0000000)
  eden space 120832K, 0% used [0x00000007b5580000,0x00000007b5580000,0x00000007bcb80000)
  from space 26624K, 58% used [0x00000007be480000,0x00000007bf3b4af0,0x00000007bfe80000)
  to   space 25600K, 0% used [0x00000007bcb80000,0x00000007bcb80000,0x00000007be480000)
 ParOldGen       total 175104K, used 40423K [0x00000007a0000000, 0x00000007aab00000, 0x00000007b5580000)
  object space 175104K, 23% used [0x00000007a0000000,0x00000007a2779c30,0x00000007aab00000)
 Metaspace       used 47499K, capacity 48574K, committed 48680K, reserved 1091584K
  class space    used 6426K, capacity 6687K, committed 6704K, reserved 1048576K
}
Event: 847.975 GC heap before
{Heap before GC invocations=17 (full 2):
 PSYoungGen      total 147456K, used 136402K [0x00000007b5580000, 0x00000007c0000000, 0x00000007c0000000)
  eden space 120832K, 100% used [0x00000007b5580000,0x00000007bcb80000,0x00000007bcb80000)
  from space 26624K, 58% used [0x00000007be480000,0x00000007bf3b4af0,0x00000007bfe80000)
  to   space 25600K, 0% used [0x00000007bcb80000,0x00000007bcb80000,0x00000007be480000)
 ParOldGen       total 175104K, used 40423K [0x00000007a0000000, 0x00000007aab00000, 0x00000007b5580000)
  object space 175104K, 23% used [0x00000007a0000000,0x00000007a2779c30,0x00000007aab00000)
 Metaspace       used 47608K, capacity 48638K, committed 48680K, reserved 1091584K
  class space    used 6426K, capacity 6687K, committed 6704K, reserved 1048576K
Event: 847.991 GC heap after
Heap after GC invocations=17 (full 2):
 PSYoungGen      total 146432K, used 11088K [0x00000007b5580000, 0x00000007bfe00000, 0x00000007c0000000)
  eden space 120832K, 0% used [0x00000007b5580000,0x00000007b5580000,0x00000007bcb80000)
  from space 25600K, 43% used [0x00000007bcb80000,0x00000007bd654010,0x00000007be480000)
  to   space 25088K, 0% used [0x00000007be580000,0x00000007be580000,0x00000007bfe00000)
 ParOldGen       total 175104K, used 40431K [0x00000007a0000000, 0x00000007aab00000, 0x00000007b5580000)
  object space 175104K, 23% used [0x00000007a0000000,0x00000007a277bc30,0x00000007aab00000)
 Metaspace       used 47608K, capacity 48638K, committed 48680K, reserved 1091584K
  class space    used 6426K, capacity 6687K, committed 6704K, reserved 1048576K
}
Event: 2403.507 GC heap before
{Heap before GC invocations=18 (full 2):
 PSYoungGen      total 146432K, used 131920K [0x00000007b5580000, 0x00000007bfe00000, 0x00000007c0000000)
  eden space 120832K, 100% used [0x00000007b5580000,0x00000007bcb80000,0x00000007bcb80000)
  from space 25600K, 43% used [0x00000007bcb80000,0x00000007bd654010,0x00000007be480000)
  to   space 25088K, 0% used [0x00000007be580000,0x00000007be580000,0x00000007bfe00000)
 ParOldGen       total 175104K, used 40431K [0x00000007a0000000, 0x00000007aab00000, 0x00000007b5580000)
  object space 175104K, 23% used [0x00000007a0000000,0x00000007a277bc30,0x00000007aab00000)
 Metaspace       used 47889K, capacity 48974K, committed 49320K, reserved 1091584K
  class space    used 6439K, capacity 6711K, committed 6832K, reserved 1048576K
Event: 2403.638 GC heap after
Heap after GC invocations=18 (full 2):
 PSYoungGen      total 147968K, used 13850K [0x00000007b5580000, 0x00000007bfe80000, 0x00000007c0000000)
  eden space 122880K, 0% used [0x00000007b5580000,0x00000007b5580000,0x00000007bcd80000)
  from space 25088K, 55% used [0x00000007be580000,0x00000007bf306900,0x00000007bfe00000)
  to   space 24576K, 0% used [0x00000007bcd80000,0x00000007bcd80000,0x00000007be580000)
 ParOldGen       total 175104K, used 40907K [0x00000007a0000000, 0x00000007aab00000, 0x00000007b5580000)
  object space 175104K, 23% used [0x00000007a0000000,0x00000007a27f2c40,0x00000007aab00000)
 Metaspace       used 47889K, capacity 48974K, committed 49320K, reserved 1091584K
  class space    used 6439K, capacity 6711K, committed 6832K, reserved 1048576K
}
Event: 2404.441 GC heap before
{Heap before GC invocations=19 (full 2):
 PSYoungGen      total 147968K, used 136730K [0x00000007b5580000, 0x00000007bfe80000, 0x00000007c0000000)
  eden space 122880K, 100% used [0x00000007b5580000,0x00000007bcd80000,0x00000007bcd80000)
  from space 25088K, 55% used [0x00000007be580000,0x00000007bf306900,0x00000007bfe00000)
  to   space 24576K, 0% used [0x00000007bcd80000,0x00000007bcd80000,0x00000007be580000)
 ParOldGen       total 175104K, used 40907K [0x00000007a0000000, 0x00000007aab00000, 0x00000007b5580000)
  object space 175104K, 23% used [0x00000007a0000000,0x00000007a27f2c40,0x00000007aab00000)
 Metaspace       used 47950K, capacity 49038K, committed 49320K, reserved 1091584K
  class space    used 6439K, capacity 6711K, committed 6832K, reserved 1048576K
Event: 2404.481 GC heap after
Heap after GC invocations=19 (full 2):
 PSYoungGen      total 147456K, used 9104K [0x00000007b5580000, 0x00000007bff80000, 0x00000007c0000000)
  eden space 122880K, 0% used [0x00000007b5580000,0x00000007b5580000,0x00000007bcd80000)
  from space 24576K, 37% used [0x00000007bcd80000,0x00000007bd664010,0x00000007be580000)
  to   space 24576K, 0% used [0x00000007be780000,0x00000007be780000,0x00000007bff80000)
 ParOldGen       total 175104K, used 40915K [0x00000007a0000000, 0x00000007aab00000, 0x00000007b5580000)
  object space 175104K, 23% used [0x00000007a0000000,0x00000007a27f4c40,0x00000007aab00000)
 Metaspace       used 47950K, capacity 49038K, committed 49320K, reserved 1091584K
  class space    used 6439K, capacity 6711K, committed 6832K, reserved 1048576K
}
Event: 2405.187 GC heap before
{Heap before GC invocations=20 (full 2):
 PSYoungGen      total 147456K, used 131984K [0x00000007b5580000, 0x00000007bff80000, 0x00000007c0000000)
  eden space 122880K, 100% used [0x00000007b5580000,0x00000007bcd80000,0x00000007bcd80000)
  from space 24576K, 37% used [0x00000007bcd80000,0x00000007bd664010,0x00000007be580000)
  to   space 24576K, 0% used [0x00000007be780000,0x00000007be780000,0x00000007bff80000)
 ParOldGen       total 175104K, used 40915K [0x00000007a0000000, 0x00000007aab00000, 0x00000007b5580000)
  object space 175104K, 23% used [0x00000007a0000000,0x00000007a27f4c40,0x00000007aab00000)
 Metaspace       used 48273K, capacity 49442K, committed 49576K, reserved 1091584K
  class space    used 6468K, capacity 6715K, committed 6832K, reserved 1048576K
Event: 2405.282 GC heap after
Heap after GC invocations=20 (full 2):
 PSYoungGen      total 138752K, used 24563K [0x00000007b5580000, 0x00000007c0000000, 0x00000007c0000000)
  eden space 114176K, 0% used [0x00000007b5580000,0x00000007b5580000,0x00000007bc500000)
  from space 24576K, 99% used [0x00000007be780000,0x00000007bff7cfb8,0x00000007bff80000)
  to   space 30208K, 0% used [0x00000007bc500000,0x00000007bc500000,0x00000007be280000)
 ParOldGen       total 175104K, used 48216K [0x00000007a0000000, 0x00000007aab00000, 0x00000007b5580000)
  object space 175104K, 27% used [0x00000007a0000000,0x00000007a2f16340,0x00000007aab00000)
 Metaspace       used 48273K, capacity 49442K, committed 49576K, reserved 1091584K
  class space    used 6468K, capacity 6715K, committed 6832K, reserved 1048576K
}

