# JRE version: Java(TM) SE Runtime Environment (8.0_101-b13) (build 1.8.0_101-b13)
# Java VM: Java HotSpot(TM) 64-Bit Server VM (25.101-b13 mixed mode bsd-amd64 compressed oops)
Heap:
 PSYoungGen      total 155648K, used 49693K [0x00000007b5580000, 0x00000007c0000000, 0x00000007c0000000)
  eden space 144896K, 26% used [0x00000007b5580000,0x00000007b7baacf8,0x00000007be300000)
  from space 10752K, 98% used [0x00000007bf580000,0x00000007bffdca48,0x00000007c0000000)
  to   space 14848K, 0% used [0x00000007be300000,0x00000007be300000,0x00000007bf180000)
 ParOldGen       total 48128K, used 28152K [0x00000007a0000000, 0x00000007a2f00000, 0x00000007b5580000)
  object space 48128K, 58% used [0x00000007a0000000,0x00000007a1b7e3d8,0x00000007a2f00000)
 Metaspace       used 55823K, capacity 58294K, committed 58368K, reserved 1099776K
  class space    used 7726K, capacity 8164K, committed 8192K, reserved 1048576K
GC Heap History (10 events):
Event: 4.932 GC heap before
{Heap before GC invocations=10 (full 1):
 PSYoungGen      total 116736K, used 116715K [0x00000007b5580000, 0x00000007be080000, 0x00000007c0000000)
  eden space 110080K, 100% used [0x00000007b5580000,0x00000007bc100000,0x00000007bc100000)
  from space 6656K, 99% used [0x00000007bda00000,0x00000007be07aca8,0x00000007be080000)
  to   space 7680K, 0% used [0x00000007bd180000,0x00000007bd180000,0x00000007bd900000)
 ParOldGen       total 30208K, used 6641K [0x00000007a0000000, 0x00000007a1d80000, 0x00000007b5580000)
  object space 30208K, 21% used [0x00000007a0000000,0x00000007a067c6e0,0x00000007a1d80000)
 Metaspace       used 30989K, capacity 32140K, committed 32384K, reserved 1077248K
  class space    used 4127K, capacity 4383K, committed 4480K, reserved 1048576K
Event: 4.947 GC heap after
Heap after GC invocations=10 (full 1):
 PSYoungGen      total 134656K, used 7663K [0x00000007b5580000, 0x00000007bff00000, 0x00000007c0000000)
  eden space 126976K, 0% used [0x00000007b5580000,0x00000007b5580000,0x00000007bd180000)
  from space 7680K, 99% used [0x00000007bd180000,0x00000007bd8fbd30,0x00000007bd900000)
  to   space 9728K, 0% used [0x00000007bf580000,0x00000007bf580000,0x00000007bff00000)
 ParOldGen       total 30208K, used 8506K [0x00000007a0000000, 0x00000007a1d80000, 0x00000007b5580000)
  object space 30208K, 28% used [0x00000007a0000000,0x00000007a084e808,0x00000007a1d80000)
 Metaspace       used 30989K, capacity 32140K, committed 32384K, reserved 1077248K
  class space    used 4127K, capacity 4383K, committed 4480K, reserved 1048576K
}
Event: 5.613 GC heap before
{Heap before GC invocations=11 (full 1):
 PSYoungGen      total 134656K, used 47154K [0x00000007b5580000, 0x00000007bff00000, 0x00000007c0000000)
  eden space 126976K, 31% used [0x00000007b5580000,0x00000007b7c10e00,0x00000007bd180000)
  from space 7680K, 99% used [0x00000007bd180000,0x00000007bd8fbd30,0x00000007bd900000)
  to   space 9728K, 0% used [0x00000007bf580000,0x00000007bf580000,0x00000007bff00000)
 ParOldGen       total 30208K, used 8506K [0x00000007a0000000, 0x00000007a1d80000, 0x00000007b5580000)
  object space 30208K, 28% used [0x00000007a0000000,0x00000007a084e808,0x00000007a1d80000)
 Metaspace       used 34140K, capacity 35386K, committed 35496K, reserved 1079296K
  class space    used 4483K, capacity 4754K, committed 4864K, reserved 1048576K
Event: 5.628 GC heap after
Heap after GC invocations=11 (full 1):
 PSYoungGen      total 163840K, used 6854K [0x00000007b5580000, 0x00000007c0000000, 0x00000007c0000000)
  eden space 154112K, 0% used [0x00000007b5580000,0x00000007b5580000,0x00000007bec00000)
  from space 9728K, 70% used [0x00000007bf580000,0x00000007bfc31800,0x00000007bff00000)
  to   space 9728K, 0% used [0x00000007bec00000,0x00000007bec00000,0x00000007bf580000)
 ParOldGen       total 30208K, used 10950K [0x00000007a0000000, 0x00000007a1d80000, 0x00000007b5580000)
  object space 30208K, 36% used [0x00000007a0000000,0x00000007a0ab1858,0x00000007a1d80000)
 Metaspace       used 34140K, capacity 35386K, committed 35496K, reserved 1079296K
  class space    used 4483K, capacity 4754K, committed 4864K, reserved 1048576K
}
Event: 5.628 GC heap before
{Heap before GC invocations=12 (full 2):
 PSYoungGen      total 163840K, used 6854K [0x00000007b5580000, 0x00000007c0000000, 0x00000007c0000000)
  eden space 154112K, 0% used [0x00000007b5580000,0x00000007b5580000,0x00000007bec00000)
  from space 9728K, 70% used [0x00000007bf580000,0x00000007bfc31800,0x00000007bff00000)
  to   space 9728K, 0% used [0x00000007bec00000,0x00000007bec00000,0x00000007bf580000)
 ParOldGen       total 30208K, used 10950K [0x00000007a0000000, 0x00000007a1d80000, 0x00000007b5580000)
  object space 30208K, 36% used [0x00000007a0000000,0x00000007a0ab1858,0x00000007a1d80000)
 Metaspace       used 34140K, capacity 35386K, committed 35496K, reserved 1079296K
  class space    used 4483K, capacity 4754K, committed 4864K, reserved 1048576K
Event: 5.728 GC heap after
Heap after GC invocations=12 (full 2):
 PSYoungGen      total 163840K, used 0K [0x00000007b5580000, 0x00000007c0000000, 0x00000007c0000000)
  eden space 154112K, 0% used [0x00000007b5580000,0x00000007b5580000,0x00000007bec00000)
  from space 9728K, 0% used [0x00000007bf580000,0x00000007bf580000,0x00000007bff00000)
  to   space 9728K, 0% used [0x00000007bec00000,0x00000007bec00000,0x00000007bf580000)
 ParOldGen       total 48128K, used 13638K [0x00000007a0000000, 0x00000007a2f00000, 0x00000007b5580000)
  object space 48128K, 28% used [0x00000007a0000000,0x00000007a0d51888,0x00000007a2f00000)
 Metaspace       used 34140K, capacity 35386K, committed 35496K, reserved 1079296K
  class space    used 4483K, capacity 4754K, committed 4864K, reserved 1048576K
}
Event: 8.431 GC heap before
{Heap before GC invocations=13 (full 2):
 PSYoungGen      total 163840K, used 154112K [0x00000007b5580000, 0x00000007c0000000, 0x00000007c0000000)
  eden space 154112K, 100% used [0x00000007b5580000,0x00000007bec00000,0x00000007bec00000)
  from space 9728K, 0% used [0x00000007bf580000,0x00000007bf580000,0x00000007bff00000)
  to   space 9728K, 0% used [0x00000007bec00000,0x00000007bec00000,0x00000007bf580000)
 ParOldGen       total 48128K, used 13638K [0x00000007a0000000, 0x00000007a2f00000, 0x00000007b5580000)
  object space 48128K, 28% used [0x00000007a0000000,0x00000007a0d51888,0x00000007a2f00000)
 Metaspace       used 49595K, capacity 51074K, committed 51584K, reserved 1093632K
  class space    used 6862K, capacity 7192K, committed 7296K, reserved 1048576K
Event: 8.457 GC heap after
Heap after GC invocations=13 (full 2):
 PSYoungGen      total 163840K, used 9724K [0x00000007b5580000, 0x00000007c0000000, 0x00000007c0000000)
  eden space 154112K, 0% used [0x00000007b5580000,0x00000007b5580000,0x00000007bec00000)
  from space 9728K, 99% used [0x00000007bec00000,0x00000007bf57f138,0x00000007bf580000)
  to   space 10752K, 0% used [0x00000007bf580000,0x00000007bf580000,0x00000007c0000000)
 ParOldGen       total 48128K, used 22111K [0x00000007a0000000, 0x00000007a2f00000, 0x00000007b5580000)
  object space 48128K, 45% used [0x00000007a0000000,0x00000007a1597fe0,0x00000007a2f00000)
 Metaspace       used 49595K, capacity 51074K, committed 51584K, reserved 1093632K
  class space    used 6862K, capacity 7192K, committed 7296K, reserved 1048576K
}
Event: 10.519 GC heap before
{Heap before GC invocations=14 (full 2):
 PSYoungGen      total 163840K, used 163836K [0x00000007b5580000, 0x00000007c0000000, 0x00000007c0000000)
  eden space 154112K, 100% used [0x00000007b5580000,0x00000007bec00000,0x00000007bec00000)
  from space 9728K, 99% used [0x00000007bec00000,0x00000007bf57f138,0x00000007bf580000)
  to   space 10752K, 0% used [0x00000007bf580000,0x00000007bf580000,0x00000007c0000000)
 ParOldGen       total 48128K, used 22111K [0x00000007a0000000, 0x00000007a2f00000, 0x00000007b5580000)
  object space 48128K, 45% used [0x00000007a0000000,0x00000007a1597fe0,0x00000007a2f00000)
 Metaspace       used 55473K, capacity 57874K, committed 58112K, reserved 1099776K
  class space    used 7683K, capacity 8110K, committed 8192K, reserved 1048576K
Event: 10.545 GC heap after
Heap after GC invocations=14 (full 2):
 PSYoungGen      total 155648K, used 10610K [0x00000007b5580000, 0x00000007c0000000, 0x00000007c0000000)
  eden space 144896K, 0% used [0x00000007b5580000,0x00000007b5580000,0x00000007be300000)
  from space 10752K, 98% used [0x00000007bf580000,0x00000007bffdca48,0x00000007c0000000)
  to   space 14848K, 0% used [0x00000007be300000,0x00000007be300000,0x00000007bf180000)
 ParOldGen       total 48128K, used 28152K [0x00000007a0000000, 0x00000007a2f00000, 0x00000007b5580000)
  object space 48128K, 58% used [0x00000007a0000000,0x00000007a1b7e3d8,0x00000007a2f00000)
 Metaspace       used 55473K, capacity 57874K, committed 58112K, reserved 1099776K
  class space    used 7683K, capacity 8110K, committed 8192K, reserved 1048576K
}

