# JRE version: Java(TM) SE Runtime Environment (8.0_101-b13) (build 1.8.0_101-b13)
# Java VM: Java HotSpot(TM) 64-Bit Server VM (25.101-b13 mixed mode bsd-amd64 compressed oops)
Heap:
 PSYoungGen      total 152576K, used 7344K [0x00000007b5580000, 0x00000007bff80000, 0x00000007c0000000)
  eden space 131584K, 0% used [0x00000007b5580000,0x00000007b5580000,0x00000007bd600000)
  from space 20992K, 34% used [0x00000007bd600000,0x00000007bdd2c010,0x00000007bea80000)
  to   space 20480K, 0% used [0x00000007beb80000,0x00000007beb80000,0x00000007bff80000)
 ParOldGen       total 277504K, used 268425K [0x00000007a0000000, 0x00000007b0f00000, 0x00000007b5580000)
  object space 277504K, 96% used [0x00000007a0000000,0x00000007b06226a0,0x00000007b0f00000)
 Metaspace       used 54300K, capacity 57018K, committed 57256K, reserved 1099776K
  class space    used 7097K, capacity 7573K, committed 7600K, reserved 1048576K
GC Heap History (10 events):
Event: 16765.371 GC heap after
Heap after GC invocations=89 (full 4):
 PSYoungGen      total 152064K, used 8800K [0x00000007b5580000, 0x00000007c0000000, 0x00000007c0000000)
  eden space 129536K, 0% used [0x00000007b5580000,0x00000007b5580000,0x00000007bd400000)
  from space 22528K, 39% used [0x00000007bd400000,0x00000007bdc98000,0x00000007bea00000)
  to   space 21504K, 0% used [0x00000007beb00000,0x00000007beb00000,0x00000007c0000000)
 ParOldGen       total 277504K, used 240421K [0x00000007a0000000, 0x00000007b0f00000, 0x00000007b5580000)
  object space 277504K, 86% used [0x00000007a0000000,0x00000007aeac9500,0x00000007b0f00000)
 Metaspace       used 54175K, capacity 56890K, committed 57000K, reserved 1099776K
  class space    used 7097K, capacity 7573K, committed 7600K, reserved 1048576K
}
Event: 16765.625 GC heap before
{Heap before GC invocations=90 (full 4):
 PSYoungGen      total 152064K, used 138336K [0x00000007b5580000, 0x00000007c0000000, 0x00000007c0000000)
  eden space 129536K, 100% used [0x00000007b5580000,0x00000007bd400000,0x00000007bd400000)
  from space 22528K, 39% used [0x00000007bd400000,0x00000007bdc98000,0x00000007bea00000)
  to   space 21504K, 0% used [0x00000007beb00000,0x00000007beb00000,0x00000007c0000000)
 ParOldGen       total 277504K, used 240421K [0x00000007a0000000, 0x00000007b0f00000, 0x00000007b5580000)
  object space 277504K, 86% used [0x00000007a0000000,0x00000007aeac9500,0x00000007b0f00000)
 Metaspace       used 54185K, capacity 56890K, committed 57000K, reserved 1099776K
  class space    used 7097K, capacity 7573K, committed 7600K, reserved 1048576K
Event: 16765.650 GC heap after
Heap after GC invocations=90 (full 4):
 PSYoungGen      total 151040K, used 14070K [0x00000007b5580000, 0x00000007bff00000, 0x00000007c0000000)
  eden space 130560K, 0% used [0x00000007b5580000,0x00000007b5580000,0x00000007bd500000)
  from space 20480K, 68% used [0x00000007beb00000,0x00000007bf8bda28,0x00000007bff00000)
  to   space 21504K, 0% used [0x00000007bd500000,0x00000007bd500000,0x00000007bea00000)
 ParOldGen       total 277504K, used 246317K [0x00000007a0000000, 0x00000007b0f00000, 0x00000007b5580000)
  object space 277504K, 88% used [0x00000007a0000000,0x00000007af08b5c8,0x00000007b0f00000)
 Metaspace       used 54185K, capacity 56890K, committed 57000K, reserved 1099776K
  class space    used 7097K, capacity 7573K, committed 7600K, reserved 1048576K
}
Event: 16944.752 GC heap before
{Heap before GC invocations=91 (full 4):
 PSYoungGen      total 151040K, used 144630K [0x00000007b5580000, 0x00000007bff00000, 0x00000007c0000000)
  eden space 130560K, 100% used [0x00000007b5580000,0x00000007bd500000,0x00000007bd500000)
  from space 20480K, 68% used [0x00000007beb00000,0x00000007bf8bda28,0x00000007bff00000)
  to   space 21504K, 0% used [0x00000007bd500000,0x00000007bd500000,0x00000007bea00000)
 ParOldGen       total 277504K, used 246317K [0x00000007a0000000, 0x00000007b0f00000, 0x00000007b5580000)
  object space 277504K, 88% used [0x00000007a0000000,0x00000007af08b5c8,0x00000007b0f00000)
 Metaspace       used 54288K, capacity 57018K, committed 57256K, reserved 1099776K
  class space    used 7097K, capacity 7573K, committed 7600K, reserved 1048576K
Event: 16944.911 GC heap after
Heap after GC invocations=91 (full 4):
 PSYoungGen      total 152064K, used 6976K [0x00000007b5580000, 0x00000007c0000000, 0x00000007c0000000)
  eden space 130560K, 0% used [0x00000007b5580000,0x00000007b5580000,0x00000007bd500000)
  from space 21504K, 32% used [0x00000007bd500000,0x00000007bdbd0000,0x00000007bea00000)
  to   space 21504K, 0% used [0x00000007beb00000,0x00000007beb00000,0x00000007c0000000)
 ParOldGen       total 277504K, used 258275K [0x00000007a0000000, 0x00000007b0f00000, 0x00000007b5580000)
  object space 277504K, 93% used [0x00000007a0000000,0x00000007afc38de8,0x00000007b0f00000)
 Metaspace       used 54288K, capacity 57018K, committed 57256K, reserved 1099776K
  class space    used 7097K, capacity 7573K, committed 7600K, reserved 1048576K
}
Event: 16945.563 GC heap before
{Heap before GC invocations=92 (full 4):
 PSYoungGen      total 152064K, used 137536K [0x00000007b5580000, 0x00000007c0000000, 0x00000007c0000000)
  eden space 130560K, 100% used [0x00000007b5580000,0x00000007bd500000,0x00000007bd500000)
  from space 21504K, 32% used [0x00000007bd500000,0x00000007bdbd0000,0x00000007bea00000)
  to   space 21504K, 0% used [0x00000007beb00000,0x00000007beb00000,0x00000007c0000000)
 ParOldGen       total 277504K, used 258275K [0x00000007a0000000, 0x00000007b0f00000, 0x00000007b5580000)
  object space 277504K, 93% used [0x00000007a0000000,0x00000007afc38de8,0x00000007b0f00000)
 Metaspace       used 54290K, capacity 57018K, committed 57256K, reserved 1099776K
  class space    used 7097K, capacity 7573K, committed 7600K, reserved 1048576K
Event: 16945.591 GC heap after
Heap after GC invocations=92 (full 4):
 PSYoungGen      total 152064K, used 8304K [0x00000007b5580000, 0x00000007bff00000, 0x00000007c0000000)
  eden space 131584K, 0% used [0x00000007b5580000,0x00000007b5580000,0x00000007bd600000)
  from space 20480K, 40% used [0x00000007beb00000,0x00000007bf31c010,0x00000007bff00000)
  to   space 20992K, 0% used [0x00000007bd600000,0x00000007bd600000,0x00000007bea80000)
 ParOldGen       total 277504K, used 262737K [0x00000007a0000000, 0x00000007b0f00000, 0x00000007b5580000)
  object space 277504K, 94% used [0x00000007a0000000,0x00000007b00945d8,0x00000007b0f00000)
 Metaspace       used 54290K, capacity 57018K, committed 57256K, reserved 1099776K
  class space    used 7097K, capacity 7573K, committed 7600K, reserved 1048576K
}
Event: 16947.207 GC heap before
{Heap before GC invocations=93 (full 4):
 PSYoungGen      total 152064K, used 139888K [0x00000007b5580000, 0x00000007bff00000, 0x00000007c0000000)
  eden space 131584K, 100% used [0x00000007b5580000,0x00000007bd600000,0x00000007bd600000)
  from space 20480K, 40% used [0x00000007beb00000,0x00000007bf31c010,0x00000007bff00000)
  to   space 20992K, 0% used [0x00000007bd600000,0x00000007bd600000,0x00000007bea80000)
 ParOldGen       total 277504K, used 262737K [0x00000007a0000000, 0x00000007b0f00000, 0x00000007b5580000)
  object space 277504K, 94% used [0x00000007a0000000,0x00000007b00945d8,0x00000007b0f00000)
 Metaspace       used 54300K, capacity 57018K, committed 57256K, reserved 1099776K
  class space    used 7097K, capacity 7573K, committed 7600K, reserved 1048576K
Event: 16947.231 GC heap after
Heap after GC invocations=93 (full 4):
 PSYoungGen      total 152576K, used 7344K [0x00000007b5580000, 0x00000007bff80000, 0x00000007c0000000)
  eden space 131584K, 0% used [0x00000007b5580000,0x00000007b5580000,0x00000007bd600000)
  from space 20992K, 34% used [0x00000007bd600000,0x00000007bdd2c010,0x00000007bea80000)
  to   space 20480K, 0% used [0x00000007beb80000,0x00000007beb80000,0x00000007bff80000)
 ParOldGen       total 277504K, used 268425K [0x00000007a0000000, 0x00000007b0f00000, 0x00000007b5580000)
  object space 277504K, 96% used [0x00000007a0000000,0x00000007b06226a0,0x00000007b0f00000)
 Metaspace       used 54300K, capacity 57018K, committed 57256K, reserved 1099776K
  class space    used 7097K, capacity 7573K, committed 7600K, reserved 1048576K
}
Event: 16947.231 GC heap before
{Heap before GC invocations=94 (full 5):
 PSYoungGen      total 152576K, used 7344K [0x00000007b5580000, 0x00000007bff80000, 0x00000007c0000000)
  eden space 131584K, 0% used [0x00000007b5580000,0x00000007b5580000,0x00000007bd600000)
  from space 20992K, 34% used [0x00000007bd600000,0x00000007bdd2c010,0x00000007bea80000)
  to   space 20480K, 0% used [0x00000007beb80000,0x00000007beb80000,0x00000007bff80000)
 ParOldGen       total 277504K, used 268425K [0x00000007a0000000, 0x00000007b0f00000, 0x00000007b5580000)
  object space 277504K, 96% used [0x00000007a0000000,0x00000007b06226a0,0x00000007b0f00000)
 Metaspace       used 54300K, capacity 57018K, committed 57256K, reserved 1099776K
  class space    used 7097K, capacity 7573K, committed 7600K, reserved 1048576K

