# JRE version: Java(TM) SE Runtime Environment (8.0_101-b13) (build 1.8.0_101-b13)
# Java VM: Java HotSpot(TM) 64-Bit Server VM (25.101-b13 mixed mode bsd-amd64 compressed oops)
Heap:
 PSYoungGen      total 258048K, used 90734K [0x00000007aab00000, 0x00000007bec00000, 0x00000007c0000000)
  eden space 249856K, 36% used [0x00000007aab00000,0x00000007b039bb10,0x00000007b9f00000)
  from space 8192K, 0% used [0x00000007b9f00000,0x00000007b9f00000,0x00000007ba700000)
  to   space 8192K, 0% used [0x00000007be400000,0x00000007be400000,0x00000007bec00000)
 ParOldGen       total 83456K, used 21967K [0x0000000780000000, 0x0000000785180000, 0x00000007aab00000)
  object space 83456K, 26% used [0x0000000780000000,0x0000000781573de0,0x0000000785180000)
 Metaspace       used 59707K, capacity 62232K, committed 62376K, reserved 1103872K
  class space    used 8110K, capacity 8571K, committed 8616K, reserved 1048576K
GC Heap History (10 events):
Event: 8.517 GC heap before
{Heap before GC invocations=14 (full 2):
 PSYoungGen      total 217600K, used 3728K [0x00000007aab00000, 0x00000007bbc00000, 0x00000007c0000000)
  eden space 211968K, 0% used [0x00000007aab00000,0x00000007aab00000,0x00000007b7a00000)
  from space 5632K, 66% used [0x00000007b7f80000,0x00000007b8324020,0x00000007b8500000)
  to   space 5632K, 0% used [0x00000007b7a00000,0x00000007b7a00000,0x00000007b7f80000)
 ParOldGen       total 32256K, used 10919K [0x0000000780000000, 0x0000000781f80000, 0x00000007aab00000)
  object space 32256K, 33% used [0x0000000780000000,0x0000000780aa9fc0,0x0000000781f80000)
 Metaspace       used 33738K, capacity 35340K, committed 35496K, reserved 1079296K
  class space    used 4334K, capacity 4671K, committed 4776K, reserved 1048576K
Event: 8.751 GC heap after
Heap after GC invocations=14 (full 2):
 PSYoungGen      total 217600K, used 0K [0x00000007aab00000, 0x00000007bbc00000, 0x00000007c0000000)
  eden space 211968K, 0% used [0x00000007aab00000,0x00000007aab00000,0x00000007b7a00000)
  from space 5632K, 0% used [0x00000007b7f80000,0x00000007b7f80000,0x00000007b8500000)
  to   space 5632K, 0% used [0x00000007b7a00000,0x00000007b7a00000,0x00000007b7f80000)
 ParOldGen       total 57856K, used 13664K [0x0000000780000000, 0x0000000783880000, 0x00000007aab00000)
  object space 57856K, 23% used [0x0000000780000000,0x0000000780d58008,0x0000000783880000)
 Metaspace       used 33738K, capacity 35340K, committed 35496K, reserved 1079296K
  class space    used 4334K, capacity 4671K, committed 4776K, reserved 1048576K
}
Event: 13.716 GC heap before
{Heap before GC invocations=15 (full 2):
 PSYoungGen      total 217600K, used 211968K [0x00000007aab00000, 0x00000007bbc00000, 0x00000007c0000000)
  eden space 211968K, 100% used [0x00000007aab00000,0x00000007b7a00000,0x00000007b7a00000)
  from space 5632K, 0% used [0x00000007b7f80000,0x00000007b7f80000,0x00000007b8500000)
  to   space 5632K, 0% used [0x00000007b7a00000,0x00000007b7a00000,0x00000007b7f80000)
 ParOldGen       total 57856K, used 13664K [0x0000000780000000, 0x0000000783880000, 0x00000007aab00000)
  object space 57856K, 23% used [0x0000000780000000,0x0000000780d58008,0x0000000783880000)
 Metaspace       used 44004K, capacity 45758K, committed 46120K, reserved 1089536K
  class space    used 5778K, capacity 6130K, committed 6184K, reserved 1048576K
Event: 13.736 GC heap after
Heap after GC invocations=15 (full 2):
 PSYoungGen      total 217600K, used 5611K [0x00000007aab00000, 0x00000007bae80000, 0x00000007c0000000)
  eden space 211968K, 0% used [0x00000007aab00000,0x00000007aab00000,0x00000007b7a00000)
  from space 5632K, 99% used [0x00000007b7a00000,0x00000007b7f7ac80,0x00000007b7f80000)
  to   space 6656K, 0% used [0x00000007ba800000,0x00000007ba800000,0x00000007bae80000)
 ParOldGen       total 57856K, used 14998K [0x0000000780000000, 0x0000000783880000, 0x00000007aab00000)
  object space 57856K, 25% used [0x0000000780000000,0x0000000780ea5a18,0x0000000783880000)
 Metaspace       used 44004K, capacity 45758K, committed 46120K, reserved 1089536K
  class space    used 5778K, capacity 6130K, committed 6184K, reserved 1048576K
}
Event: 17.715 GC heap before
{Heap before GC invocations=16 (full 2):
 PSYoungGen      total 217600K, used 217579K [0x00000007aab00000, 0x00000007bae80000, 0x00000007c0000000)
  eden space 211968K, 100% used [0x00000007aab00000,0x00000007b7a00000,0x00000007b7a00000)
  from space 5632K, 99% used [0x00000007b7a00000,0x00000007b7f7ac80,0x00000007b7f80000)
  to   space 6656K, 0% used [0x00000007ba800000,0x00000007ba800000,0x00000007bae80000)
 ParOldGen       total 57856K, used 14998K [0x0000000780000000, 0x0000000783880000, 0x00000007aab00000)
  object space 57856K, 25% used [0x0000000780000000,0x0000000780ea5a18,0x0000000783880000)
 Metaspace       used 55495K, capacity 57378K, committed 57896K, reserved 1099776K
  class space    used 7498K, capacity 7884K, committed 7976K, reserved 1048576K
Event: 17.751 GC heap after
Heap after GC invocations=16 (full 2):
 PSYoungGen      total 256512K, used 6628K [0x00000007aab00000, 0x00000007baf00000, 0x00000007c0000000)
  eden space 249856K, 0% used [0x00000007aab00000,0x00000007aab00000,0x00000007b9f00000)
  from space 6656K, 99% used [0x00000007ba800000,0x00000007bae79050,0x00000007bae80000)
  to   space 8192K, 0% used [0x00000007b9f00000,0x00000007b9f00000,0x00000007ba700000)
 ParOldGen       total 57856K, used 16767K [0x0000000780000000, 0x0000000783880000, 0x00000007aab00000)
  object space 57856K, 28% used [0x0000000780000000,0x000000078105fd90,0x0000000783880000)
 Metaspace       used 55495K, capacity 57378K, committed 57896K, reserved 1099776K
  class space    used 7498K, capacity 7884K, committed 7976K, reserved 1048576K
}
Event: 18.255 GC heap before
{Heap before GC invocations=17 (full 2):
 PSYoungGen      total 256512K, used 40210K [0x00000007aab00000, 0x00000007baf00000, 0x00000007c0000000)
  eden space 249856K, 13% used [0x00000007aab00000,0x00000007acbcb8a8,0x00000007b9f00000)
  from space 6656K, 99% used [0x00000007ba800000,0x00000007bae79050,0x00000007bae80000)
  to   space 8192K, 0% used [0x00000007b9f00000,0x00000007b9f00000,0x00000007ba700000)
 ParOldGen       total 57856K, used 16767K [0x0000000780000000, 0x0000000783880000, 0x00000007aab00000)
  object space 57856K, 28% used [0x0000000780000000,0x000000078105fd90,0x0000000783880000)
 Metaspace       used 57060K, capacity 59074K, committed 59160K, reserved 1099776K
  class space    used 7696K, capacity 8102K, committed 8104K, reserved 1048576K
Event: 18.281 GC heap after
Heap after GC invocations=17 (full 2):
 PSYoungGen      total 258048K, used 992K [0x00000007aab00000, 0x00000007bec00000, 0x00000007c0000000)
  eden space 249856K, 0% used [0x00000007aab00000,0x00000007aab00000,0x00000007b9f00000)
  from space 8192K, 12% used [0x00000007b9f00000,0x00000007b9ff8000,0x00000007ba700000)
  to   space 8192K, 0% used [0x00000007be400000,0x00000007be400000,0x00000007bec00000)
 ParOldGen       total 57856K, used 23174K [0x0000000780000000, 0x0000000783880000, 0x00000007aab00000)
  object space 57856K, 40% used [0x0000000780000000,0x00000007816a1ac0,0x0000000783880000)
 Metaspace       used 57060K, capacity 59074K, committed 59160K, reserved 1099776K
  class space    used 7696K, capacity 8102K, committed 8104K, reserved 1048576K
}
Event: 18.281 GC heap before
{Heap before GC invocations=18 (full 3):
 PSYoungGen      total 258048K, used 992K [0x00000007aab00000, 0x00000007bec00000, 0x00000007c0000000)
  eden space 249856K, 0% used [0x00000007aab00000,0x00000007aab00000,0x00000007b9f00000)
  from space 8192K, 12% used [0x00000007b9f00000,0x00000007b9ff8000,0x00000007ba700000)
  to   space 8192K, 0% used [0x00000007be400000,0x00000007be400000,0x00000007bec00000)
 ParOldGen       total 57856K, used 23174K [0x0000000780000000, 0x0000000783880000, 0x00000007aab00000)
  object space 57856K, 40% used [0x0000000780000000,0x00000007816a1ac0,0x0000000783880000)
 Metaspace       used 57060K, capacity 59074K, committed 59160K, reserved 1099776K
  class space    used 7696K, capacity 8102K, committed 8104K, reserved 1048576K
Event: 18.685 GC heap after
Heap after GC invocations=18 (full 3):
 PSYoungGen      total 258048K, used 0K [0x00000007aab00000, 0x00000007bec00000, 0x00000007c0000000)
  eden space 249856K, 0% used [0x00000007aab00000,0x00000007aab00000,0x00000007b9f00000)
  from space 8192K, 0% used [0x00000007b9f00000,0x00000007b9f00000,0x00000007ba700000)
  to   space 8192K, 0% used [0x00000007be400000,0x00000007be400000,0x00000007bec00000)
 ParOldGen       total 83456K, used 21967K [0x0000000780000000, 0x0000000785180000, 0x00000007aab00000)
  object space 83456K, 26% used [0x0000000780000000,0x0000000781573de0,0x0000000785180000)
 Metaspace       used 57060K, capacity 59074K, committed 59160K, reserved 1099776K
  class space    used 7696K, capacity 8102K, committed 8104K, reserved 1048576K
}

